0 info it worked if it ends with ok
1 verbose cli [ 'node', '/usr/local/bin/npm', 'publish' ]
2 info using npm@1.1.63
3 info using node@v0.8.12
4 verbose publish [ '.' ]
5 verbose read json /Users/asm/code/epub2web/package.json
6 verbose cache add [ '.', null ]
7 silly cache add name=undefined spec="." args=[".",null]
8 verbose parsed url { pathname: '.', path: '.', href: '.' }
9 silly lockFile 3a52ce78- .
10 verbose lock . /Users/asm/.npm/3a52ce78-.lock
11 verbose read json package.json
12 verbose tar pack [ '/var/folders/04/746b3cxx4h16j0lqsd6bgx400000gn/T/npm-9301/1367873374927-0.007364677498117089/tmp.tgz',
12 verbose tar pack   '.' ]
13 verbose tarball /var/folders/04/746b3cxx4h16j0lqsd6bgx400000gn/T/npm-9301/1367873374927-0.007364677498117089/tmp.tgz
14 verbose folder .
15 info prepublish epub2web@0.1.4
16 silly lockFile b57187e2-927-0-007364677498117089-tmp-tgz /var/folders/04/746b3cxx4h16j0lqsd6bgx400000gn/T/npm-9301/1367873374927-0.007364677498117089/tmp.tgz
17 verbose lock /var/folders/04/746b3cxx4h16j0lqsd6bgx400000gn/T/npm-9301/1367873374927-0.007364677498117089/tmp.tgz /Users/asm/.npm/b57187e2-927-0-007364677498117089-tmp-tgz.lock
18 silly lockFile b57187e2-927-0-007364677498117089-tmp-tgz /var/folders/04/746b3cxx4h16j0lqsd6bgx400000gn/T/npm-9301/1367873374927-0.007364677498117089/tmp.tgz
19 verbose tar unpack /var/folders/04/746b3cxx4h16j0lqsd6bgx400000gn/T/npm-9301/1367873374927-0.007364677498117089/tmp.tgz
20 silly lockFile b354c41f-927-0-007364677498117089-package /var/folders/04/746b3cxx4h16j0lqsd6bgx400000gn/T/npm-9301/1367873374927-0.007364677498117089/package
21 verbose lock /var/folders/04/746b3cxx4h16j0lqsd6bgx400000gn/T/npm-9301/1367873374927-0.007364677498117089/package /Users/asm/.npm/b354c41f-927-0-007364677498117089-package.lock
22 silly gunzTarPerm modes [ '755', '644' ]
23 silly gunzTarPerm extractEntry package.json
24 silly gunzTarPerm extractEntry .npmignore
25 silly gunzTarPerm extractEntry README.md
26 silly gunzTarPerm extractEntry index.js
27 silly gunzTarPerm extractEntry lib/epub2web.js
28 silly gunzTarPerm extractEntry test/multibook.js
29 silly gunzTarPerm extractEntry test/singlebook.js
30 silly gunzTarPerm extractEntry test/test.js
31 silly gunzTarPerm extractEntry test/epubs/testbook.epub
32 silly gunzTarPerm extractEntry test/testreader.html
33 silly gunzTarPerm extractEntry test/The-Brightest-of-Stars.jpg
34 verbose read json /var/folders/04/746b3cxx4h16j0lqsd6bgx400000gn/T/npm-9301/1367873374927-0.007364677498117089/package/package.json
35 silly lockFile b354c41f-927-0-007364677498117089-package /var/folders/04/746b3cxx4h16j0lqsd6bgx400000gn/T/npm-9301/1367873374927-0.007364677498117089/package
36 verbose from cache /var/folders/04/746b3cxx4h16j0lqsd6bgx400000gn/T/npm-9301/1367873374927-0.007364677498117089/package/package.json
37 verbose tar pack [ '/Users/asm/.npm/epub2web/0.1.4/package.tgz',
37 verbose tar pack   '/var/folders/04/746b3cxx4h16j0lqsd6bgx400000gn/T/npm-9301/1367873374927-0.007364677498117089/package' ]
38 verbose tarball /Users/asm/.npm/epub2web/0.1.4/package.tgz
39 verbose folder /var/folders/04/746b3cxx4h16j0lqsd6bgx400000gn/T/npm-9301/1367873374927-0.007364677498117089/package
40 silly lockFile bdaa1a47-m-npm-epub2web-0-1-4-package-tgz /Users/asm/.npm/epub2web/0.1.4/package.tgz
41 verbose lock /Users/asm/.npm/epub2web/0.1.4/package.tgz /Users/asm/.npm/bdaa1a47-m-npm-epub2web-0-1-4-package-tgz.lock
42 silly lockFile bdaa1a47-m-npm-epub2web-0-1-4-package-tgz /Users/asm/.npm/epub2web/0.1.4/package.tgz
43 silly lockFile edccd3ec-s-asm-npm-epub2web-0-1-4-package /Users/asm/.npm/epub2web/0.1.4/package
44 verbose lock /Users/asm/.npm/epub2web/0.1.4/package /Users/asm/.npm/edccd3ec-s-asm-npm-epub2web-0-1-4-package.lock
45 silly lockFile edccd3ec-s-asm-npm-epub2web-0-1-4-package /Users/asm/.npm/epub2web/0.1.4/package
46 verbose tar unpack /Users/asm/.npm/epub2web/0.1.4/package.tgz
47 silly lockFile edccd3ec-s-asm-npm-epub2web-0-1-4-package /Users/asm/.npm/epub2web/0.1.4/package
48 verbose lock /Users/asm/.npm/epub2web/0.1.4/package /Users/asm/.npm/edccd3ec-s-asm-npm-epub2web-0-1-4-package.lock
49 silly gunzTarPerm modes [ '755', '644' ]
50 silly gunzTarPerm extractEntry package.json
51 silly gunzTarPerm extractEntry .npmignore
52 silly gunzTarPerm extractEntry README.md
53 silly gunzTarPerm extractEntry index.js
54 silly gunzTarPerm extractEntry lib/epub2web.js
55 silly gunzTarPerm extractEntry test/multibook.js
56 silly gunzTarPerm extractEntry test/singlebook.js
57 silly gunzTarPerm extractEntry test/test.js
58 silly gunzTarPerm extractEntry test/epubs/testbook.epub
59 silly gunzTarPerm extractEntry test/testreader.html
60 silly gunzTarPerm extractEntry test/The-Brightest-of-Stars.jpg
61 verbose read json /Users/asm/.npm/epub2web/0.1.4/package/package.json
62 silly lockFile edccd3ec-s-asm-npm-epub2web-0-1-4-package /Users/asm/.npm/epub2web/0.1.4/package
63 silly shasum updated bytes 40960
64 silly shasum updated bytes 40960
65 silly shasum updated bytes 40960
66 silly shasum updated bytes 40960
67 silly shasum updated bytes 40960
68 silly shasum updated bytes 40960
69 silly shasum updated bytes 40960
70 silly shasum updated bytes 40960
71 silly shasum updated bytes 40960
72 silly shasum updated bytes 40960
73 silly shasum updated bytes 40960
74 silly shasum updated bytes 40960
75 silly shasum updated bytes 40960
76 silly shasum updated bytes 40960
77 silly shasum updated bytes 40960
78 silly shasum updated bytes 40960
79 silly shasum updated bytes 40960
80 silly shasum updated bytes 40960
81 silly shasum updated bytes 40960
82 silly shasum updated bytes 40960
83 silly shasum updated bytes 40960
84 silly shasum updated bytes 40960
85 silly shasum updated bytes 40960
86 silly shasum updated bytes 40960
87 silly shasum updated bytes 40960
88 silly shasum updated bytes 40960
89 silly shasum updated bytes 40960
90 silly shasum updated bytes 40960
91 silly shasum updated bytes 40960
92 silly shasum updated bytes 40960
93 silly shasum updated bytes 40960
94 silly shasum updated bytes 40960
95 silly shasum updated bytes 40960
96 silly shasum updated bytes 40960
97 silly shasum updated bytes 37933
98 info shasum 9e7700923ff2b01d7fdb9eab7750a8ec90f43c00
98 info shasum /Users/asm/.npm/epub2web/0.1.4/package.tgz
99 verbose from cache /Users/asm/.npm/epub2web/0.1.4/package/package.json
100 verbose chmod /Users/asm/.npm/epub2web/0.1.4/package.tgz 644
101 verbose chown /Users/asm/.npm/epub2web/0.1.4/package.tgz [ 501, 20 ]
102 silly lockFile 3a52ce78- .
103 silly publish { name: 'epub2web',
103 silly publish   version: '0.1.4',
103 silly publish   description: 'Web server module to allow reading of Epub content directly in the browser, without plugins or specialized applications. ',
103 silly publish   main: 'index.js',
103 silly publish   directories: { test: 'test' },
103 silly publish   scripts: { test: 'node test/test.js' },
103 silly publish   repository: { type: 'git', url: 'git://github.com/Vaporbook/epub2web.git' },
103 silly publish   keywords: [ 'epub' ],
103 silly publish   author: { name: 'vaporbook' },
103 silly publish   license: 'BSD',
103 silly publish   dependencies: { 'epub-cache': '0.0.7', 'epub-tmpl': '0.1.4', mime: '~1.2.7' },
103 silly publish   readme: 'epub2web Epub Reading System\n==============================\n\nWhat it Does\n---------------\n\nAll-purpose, open source library for Epub content browsing and display. Combines epub-cache with epub2html in order to make Epub content readable via a browser, without special plugins, extensions or hacks.\n\n\nInstalling\n---------------\n\n    npm install epub2web\n\n\nUsage\n---------------\n\nSee the examples in the test folder. The main test will set up a rudimentary web server to illustrate what\'s possible. The singlebook variation is to demonstrate how you might serve a single book on one address, and the multibook variation shows how you might add directory indexing to create browsable lists of epub content for a catalog.\n\n',
103 silly publish   _id: 'epub2web@0.1.4',
103 silly publish   dist: { shasum: '9e7700923ff2b01d7fdb9eab7750a8ec90f43c00' } }
104 verbose url raw epub2web
105 verbose url resolving [ 'https://registry.npmjs.org/', './epub2web' ]
106 verbose url resolved https://registry.npmjs.org/epub2web
107 info trying registry request attempt 1 at 16:49:37
108 http PUT https://registry.npmjs.org/epub2web
109 http 409 https://registry.npmjs.org/epub2web
110 verbose url raw epub2web
111 verbose url resolving [ 'https://registry.npmjs.org/', './epub2web' ]
112 verbose url resolved https://registry.npmjs.org/epub2web
113 info trying registry request attempt 1 at 16:49:37
114 http GET https://registry.npmjs.org/epub2web
115 http 200 https://registry.npmjs.org/epub2web
116 error publish fail Cannot publish over existing version.
116 error publish fail Bump the 'version' field, set the --force flag, or
116 error publish fail     npm unpublish 'epub2web@0.1.4'
116 error publish fail and try again
117 error System Darwin 11.4.2
118 error command "node" "/usr/local/bin/npm" "publish"
119 error cwd /Users/asm/code/epub2web
120 error node -v v0.8.12
121 error npm -v 1.1.63
122 error code EPUBLISHCONFLICT
123 verbose exit [ 1, true ]
